================================================================
BSFF Bonn Bright Line (G1) | bsff 0.4.0 | statistic=sampen_lower_tail_m2_r015_v1
n_segments=100 n_surrogates=199 alpha=0.05 seed_base=20260623 threshold=0.8
================================================================

Set A
  [A] Z001 ✗ REFUTED     p=0.640 SampEn=2.318 surr=2.300 conv=ok
  [A] Z002 ✓ SURVIVED    p=0.005 SampEn=2.244 surr=2.368 conv=ok
  [A] Z003 ✓ SURVIVED    p=0.020 SampEn=2.195 surr=2.291 conv=ok
  [A] Z004 ✓ SURVIVED    p=0.030 SampEn=2.293 surr=2.414 conv=ok
  [A] Z005 ✗ REFUTED     p=0.205 SampEn=2.344 surr=2.388 conv=ok
  [A] Z006 ✓ SURVIVED    p=0.005 SampEn=2.258 surr=2.395 conv=ok
  [A] Z007 ✗ REFUTED     p=0.870 SampEn=2.528 surr=2.466 conv=ok
  [A] Z008 ✗ REFUTED     p=0.245 SampEn=2.457 surr=2.491 conv=ok
  [A] Z009 ✗ REFUTED     p=0.410 SampEn=2.252 surr=2.263 conv=ok
  [A] Z010 ✗ REFUTED     p=0.150 SampEn=2.072 surr=2.119 conv=ok
  [A] Z011 ✗ REFUTED     p=0.775 SampEn=2.322 surr=2.285 conv=ok
  [A] Z012 ✗ REFUTED     p=0.270 SampEn=2.220 surr=2.251 conv=ok
  [A] Z013 ✗ REFUTED     p=0.405 SampEn=2.299 surr=2.308 conv=ok
  [A] Z014 ✓ SURVIVED    p=0.015 SampEn=2.032 surr=2.115 conv=ok
  [A] Z015 ✗ REFUTED     p=0.255 SampEn=2.121 surr=2.149 conv=ok
  [A] Z016 ✗ REFUTED     p=0.300 SampEn=2.177 surr=2.200 conv=ok
  [A] Z017 ✗ REFUTED     p=0.105 SampEn=2.186 surr=2.242 conv=ok
  [A] Z018 ✗ REFUTED     p=0.860 SampEn=2.255 surr=2.197 conv=ok
  [A] Z019 ✗ REFUTED     p=0.120 SampEn=2.195 surr=2.244 conv=ok
  [A] Z020 ✗ REFUTED     p=0.620 SampEn=2.467 surr=2.424 conv=ok
  [A] Z021 ✗ REFUTED     p=0.380 SampEn=2.214 surr=2.228 conv=ok
  [A] Z022 ✗ REFUTED     p=0.220 SampEn=2.214 surr=2.248 conv=ok
  [A] Z023 ✗ REFUTED     p=0.270 SampEn=2.287 surr=2.323 conv=ok
  [A] Z024 ✗ REFUTED     p=0.580 SampEn=2.448 surr=2.440 conv=ok
  [A] Z025 ✗ REFUTED     p=0.775 SampEn=2.357 surr=2.314 conv=ok
  [A] Z026 ✗ REFUTED     p=0.055 SampEn=2.226 surr=2.308 conv=ok
  [A] Z027 ✓ SURVIVED    p=0.030 SampEn=2.369 surr=2.493 conv=ok
  [A] Z028 ✗ REFUTED     p=0.100 SampEn=2.169 surr=2.223 conv=ok
  [A] Z029 ✓ SURVIVED    p=0.035 SampEn=2.283 surr=2.389 conv=ok
  [A] Z030 ✗ REFUTED     p=0.130 SampEn=2.357 surr=2.429 conv=ok
  [A] Z031 ✗ REFUTED     p=0.350 SampEn=2.227 surr=2.242 conv=ok
  [A] Z032 ✗ REFUTED     p=0.345 SampEn=2.304 surr=2.397 conv=ok
  [A] Z033 ✗ REFUTED     p=0.800 SampEn=2.500 surr=2.455 conv=ok
  [A] Z034 ✗ REFUTED     p=0.985 SampEn=2.464 surr=2.344 conv=ok
  [A] Z035 ✗ REFUTED     p=0.320 SampEn=2.101 surr=2.117 conv=ok
  [A] Z036 ✗ REFUTED     p=0.550 SampEn=2.306 surr=2.302 conv=ok
  [A] Z037 ✗ REFUTED     p=0.350 SampEn=2.401 surr=2.427 conv=ok
  [A] Z038 ✗ REFUTED     p=0.605 SampEn=2.449 surr=2.436 conv=ok
  [A] Z039 ✗ REFUTED     p=0.460 SampEn=2.161 surr=2.171 conv=ok
  [A] Z040 ✗ REFUTED     p=0.255 SampEn=2.320 surr=2.348 conv=ok
  [A] Z041 ✗ REFUTED     p=0.540 SampEn=2.219 surr=2.215 conv=ok
  [A] Z042 ✗ REFUTED     p=0.555 SampEn=2.477 surr=2.472 conv=ok
  [A] Z043 ✗ REFUTED     p=0.065 SampEn=2.370 surr=2.456 conv=ok
  [A] Z044 ✗ REFUTED     p=0.830 SampEn=2.455 surr=2.400 conv=ok
  [A] Z045 ✓ SURVIVED    p=0.045 SampEn=2.196 surr=2.278 conv=ok
  [A] Z046 ✗ REFUTED     p=0.365 SampEn=2.340 surr=2.349 conv=ok
  [A] Z047 ✗ REFUTED     p=0.135 SampEn=2.270 surr=2.323 conv=ok
  [A] Z048 ✗ REFUTED     p=0.710 SampEn=2.392 surr=2.365 conv=ok
  [A] Z049 ✓ SURVIVED    p=0.005 SampEn=2.388 surr=2.503 conv=ok
  [A] Z050 ✗ REFUTED     p=0.345 SampEn=2.313 surr=2.336 conv=ok
  [A] Z051 ✗ REFUTED     p=0.475 SampEn=2.419 surr=2.408 conv=ok
  [A] Z052 ✗ REFUTED     p=0.515 SampEn=2.512 surr=2.512 conv=ok
  [A] Z053 ✗ REFUTED     p=0.230 SampEn=2.350 surr=2.393 conv=ok
  [A] Z054 ✗ REFUTED     p=0.070 SampEn=2.216 surr=2.333 conv=ok
  [A] Z055 ✗ REFUTED     p=0.420 SampEn=2.460 surr=2.470 conv=ok
  [A] Z056 ✓ SURVIVED    p=0.050 SampEn=2.257 surr=2.348 conv=ok
  [A] Z057 ✗ REFUTED     p=0.565 SampEn=2.237 surr=2.233 conv=ok
  [A] Z058 ✗ REFUTED     p=0.685 SampEn=2.471 surr=2.413 conv=ok
  [A] Z059 ✗ REFUTED     p=0.220 SampEn=2.246 surr=2.286 conv=ok
  [A] Z060 ✗ REFUTED     p=0.480 SampEn=2.415 surr=2.421 conv=ok
  [A] Z061 ✗ REFUTED     p=0.180 SampEn=2.350 surr=2.399 conv=ok
  [A] Z062 ✗ REFUTED     p=0.280 SampEn=2.216 surr=2.243 conv=ok
  [A] Z063 ✗ REFUTED     p=0.360 SampEn=2.237 surr=2.258 conv=ok
  [A] Z064 ✗ REFUTED     p=0.265 SampEn=2.364 surr=2.405 conv=ok
  [A] Z065 ✗ REFUTED     p=0.470 SampEn=2.444 surr=2.451 conv=ok
  [A] Z066 ✗ REFUTED     p=0.700 SampEn=2.487 surr=2.457 conv=ok
  [A] Z067 ✗ REFUTED     p=0.585 SampEn=2.276 surr=2.279 conv=ok
  [A] Z068 ✗ REFUTED     p=0.790 SampEn=2.354 surr=2.312 conv=ok
  [A] Z069 ✗ REFUTED     p=0.415 SampEn=2.354 surr=2.368 conv=ok
  [A] Z070 ✗ REFUTED     p=0.360 SampEn=2.350 surr=2.371 conv=ok
  [A] Z071 ✗ REFUTED     p=0.380 SampEn=2.351 surr=2.366 conv=ok
  [A] Z072 ✗ REFUTED     p=0.415 SampEn=2.467 surr=2.482 conv=ok
  [A] Z073 ✓ SURVIVED    p=0.020 SampEn=2.379 surr=2.503 conv=ok
  [A] Z074 ✗ REFUTED     p=0.720 SampEn=2.293 surr=2.266 conv=ok
  [A] Z075 ✗ REFUTED     p=0.325 SampEn=2.322 surr=2.345 conv=ok
  [A] Z076 ✓ SURVIVED    p=0.030 SampEn=2.187 surr=2.284 conv=ok
  [A] Z077 ✗ REFUTED     p=0.900 SampEn=2.438 surr=2.369 conv=ok
  [A] Z078 ✓ SURVIVED    p=0.020 SampEn=2.359 surr=2.491 conv=ok
  [A] Z079 ✗ REFUTED     p=0.275 SampEn=2.397 surr=2.432 conv=ok
  [A] Z080 ✗ REFUTED     p=0.260 SampEn=2.377 surr=2.413 conv=ok
  [A] Z081 ✗ REFUTED     p=0.375 SampEn=2.381 surr=2.393 conv=ok
  [A] Z082 ✗ REFUTED     p=0.220 SampEn=2.353 surr=2.389 conv=ok
  [A] Z083 ✗ REFUTED     p=0.310 SampEn=2.370 surr=2.392 conv=ok
  [A] Z084 ✗ REFUTED     p=0.165 SampEn=2.357 surr=2.408 conv=ok
  [A] Z085 ✗ REFUTED     p=0.370 SampEn=2.393 surr=2.413 conv=ok
  [A] Z086 ✓ SURVIVED    p=0.020 SampEn=2.219 surr=2.329 conv=ok
  [A] Z087 ✗ REFUTED     p=0.095 SampEn=2.382 surr=2.456 conv=ok
  [A] Z088 ✗ REFUTED     p=0.305 SampEn=2.309 surr=2.333 conv=ok
  [A] Z089 ✗ REFUTED     p=0.350 SampEn=2.345 surr=2.364 conv=ok
  [A] Z090 ✗ REFUTED     p=0.230 SampEn=2.361 surr=2.400 conv=ok
  [A] Z091 ✗ REFUTED     p=0.935 SampEn=2.488 surr=2.399 conv=ok
  [A] Z092 ✗ REFUTED     p=0.880 SampEn=2.377 surr=2.330 conv=ok
  [A] Z093 ✗ REFUTED     p=0.315 SampEn=2.420 surr=2.445 conv=ok
  [A] Z094 ✗ REFUTED     p=0.290 SampEn=2.306 surr=2.336 conv=ok
  [A] Z095 ✗ REFUTED     p=0.615 SampEn=2.444 surr=2.428 conv=ok
  [A] Z096 ✗ REFUTED     p=0.325 SampEn=2.378 surr=2.402 conv=ok
  [A] Z097 ✗ REFUTED     p=0.095 SampEn=2.229 surr=2.300 conv=ok
  [A] Z098 ✗ REFUTED     p=0.490 SampEn=2.358 surr=2.354 conv=ok
  [A] Z099 ✗ REFUTED     p=0.570 SampEn=2.502 surr=2.494 conv=ok
  [A] Z100 ✗ REFUTED     p=0.590 SampEn=2.354 surr=2.340 conv=ok

Set B
  [B] O001 ✗ REFUTED     p=0.840 SampEn=2.384 surr=2.330 conv=ok
  [B] O002 ✗ REFUTED     p=0.675 SampEn=2.330 surr=2.306 conv=ok
  [B] O003 ✗ REFUTED     p=0.605 SampEn=2.369 surr=2.353 conv=ok
  [B] O004 ✗ REFUTED     p=0.210 SampEn=2.351 surr=2.402 conv=ok
  [B] O005 ✗ REFUTED     p=0.085 SampEn=2.262 surr=2.333 conv=ok
  [B] O006 ✗ REFUTED     p=0.385 SampEn=2.375 surr=2.394 conv=ok
  [B] O007 ✓ SURVIVED    p=0.040 SampEn=2.129 surr=2.222 conv=ok
  [B] O008 ✗ REFUTED     p=0.140 SampEn=2.313 surr=2.368 conv=ok
  [B] O009 ✗ REFUTED     p=0.740 SampEn=2.324 surr=2.294 conv=ok
  [B] O010 ✗ REFUTED     p=0.155 SampEn=2.212 surr=2.273 conv=ok
  [B] O011 ✗ REFUTED     p=0.485 SampEn=2.185 surr=2.191 conv=ok
  [B] O012 ✗ REFUTED     p=0.155 SampEn=2.387 surr=2.443 conv=ok
  [B] O013 ✗ REFUTED     p=0.645 SampEn=2.354 surr=2.334 conv=ok
  [B] O014 ✗ REFUTED     p=0.570 SampEn=2.193 surr=2.183 conv=ok
  [B] O015 ✗ REFUTED     p=0.440 SampEn=2.156 surr=2.167 conv=ok
  [B] O016 ✗ REFUTED     p=0.400 SampEn=2.362 surr=2.374 conv=ok
  [B] O017 ✗ REFUTED     p=0.135 SampEn=2.063 surr=2.132 conv=ok
  [B] O018 ✗ REFUTED     p=0.535 SampEn=2.495 surr=2.490 conv=ok
  [B] O019 ✗ REFUTED     p=0.095 SampEn=2.077 surr=2.139 conv=ok
  [B] O020 ✗ REFUTED     p=0.165 SampEn=2.160 surr=2.208 conv=ok
  [B] O021 ✗ REFUTED     p=0.075 SampEn=2.254 surr=2.321 conv=ok
  [B] O022 ✗ REFUTED     p=0.705 SampEn=2.194 surr=2.166 conv=ok
  [B] O023 ✗ REFUTED     p=0.235 SampEn=2.359 surr=2.400 conv=ok
  [B] O024 ✗ REFUTED     p=0.110 SampEn=2.136 surr=2.198 conv=ok
  [B] O025 ✗ REFUTED     p=0.475 SampEn=2.293 surr=2.298 conv=ok
  [B] O026 ✗ REFUTED     p=0.625 SampEn=2.346 surr=2.329 conv=ok
  [B] O027 ✓ SURVIVED    p=0.020 SampEn=2.029 surr=2.130 conv=ok
  [B] O028 ✗ REFUTED     p=0.340 SampEn=2.387 surr=2.422 conv=ok
  [B] O029 ✗ REFUTED     p=0.530 SampEn=2.333 surr=2.333 conv=ok
  [B] O030 ✗ REFUTED     p=0.650 SampEn=2.357 surr=2.341 conv=ok
  [B] O031 ✗ REFUTED     p=0.685 SampEn=2.390 surr=2.370 conv=ok
  [B] O032 ✓ SURVIVED    p=0.005 SampEn=2.261 surr=2.382 conv=ok
  [B] O033 ✗ REFUTED     p=0.085 SampEn=2.415 surr=2.489 conv=ok
  [B] O034 ✗ REFUTED     p=0.110 SampEn=2.322 surr=2.393 conv=ok
  [B] O035 ✗ REFUTED     p=0.420 SampEn=2.277 surr=2.288 conv=ok
  [B] O036 ✗ REFUTED     p=0.280 SampEn=2.413 surr=2.447 conv=ok
  [B] O037 ✗ REFUTED     p=0.510 SampEn=2.248 surr=2.248 conv=ok
  [B] O038 ✗ REFUTED     p=0.365 SampEn=2.202 surr=2.220 conv=ok
  [B] O039 ✗ REFUTED     p=0.375 SampEn=2.231 surr=2.240 conv=ok
  [B] O040 ✗ REFUTED     p=0.450 SampEn=2.311 surr=2.313 conv=ok
  [B] O041 ✗ REFUTED     p=0.460 SampEn=2.195 surr=2.203 conv=ok
  [B] O042 ✓ SURVIVED    p=0.025 SampEn=2.347 surr=2.444 conv=ok
  [B] O043 ✗ REFUTED     p=0.115 SampEn=2.380 surr=2.447 conv=ok
  [B] O044 ✗ REFUTED     p=0.270 SampEn=2.243 surr=2.295 conv=ok
  [B] O045 ✗ REFUTED     p=0.370 SampEn=2.065 surr=2.079 conv=ok
  [B] O046 ✗ REFUTED     p=0.060 SampEn=2.058 surr=2.159 conv=ok
  [B] O047 ✗ REFUTED     p=0.330 SampEn=2.458 surr=2.487 conv=ok
  [B] O048 ✗ REFUTED     p=0.990 SampEn=2.391 surr=2.272 conv=ok
  [B] O049 ✗ REFUTED     p=0.085 SampEn=2.273 surr=2.346 conv=ok
  [B] O050 ✗ REFUTED     p=0.180 SampEn=2.356 surr=2.409 conv=ok
  [B] O051 ✗ REFUTED     p=0.830 SampEn=2.483 surr=2.428 conv=ok
  [B] O052 ✓ SURVIVED    p=0.010 SampEn=2.261 surr=2.379 conv=ok
  [B] O053 ✗ REFUTED     p=0.100 SampEn=2.037 surr=2.092 conv=ok
  [B] O054 ✗ REFUTED     p=0.450 SampEn=2.100 surr=2.104 conv=ok
  [B] O055 ✗ REFUTED     p=0.670 SampEn=2.442 surr=2.418 conv=ok
  [B] O056 ✗ REFUTED     p=0.225 SampEn=2.089 surr=2.127 conv=ok
  [B] O057 ✗ REFUTED     p=0.600 SampEn=2.366 surr=2.354 conv=ok
  [B] O058 ✗ REFUTED     p=0.850 SampEn=2.555 surr=2.490 conv=ok
  [B] O059 ✗ REFUTED     p=0.115 SampEn=2.335 surr=2.412 conv=ok
  [B] O060 ✓ SURVIVED    p=0.020 SampEn=2.298 surr=2.443 conv=ok
  [B] O061 ✗ REFUTED     p=0.855 SampEn=2.519 surr=2.458 conv=ok
  [B] O062 ✗ REFUTED     p=0.760 SampEn=2.469 surr=2.429 conv=ok
  [B] O063 ✗ REFUTED     p=0.775 SampEn=2.481 surr=2.424 conv=ok
  [B] O064 ✗ REFUTED     p=0.575 SampEn=2.411 surr=2.401 conv=ok
  [B] O065 ✗ REFUTED     p=0.680 SampEn=2.458 surr=2.436 conv=ok
  [B] O066 ✗ REFUTED     p=0.180 SampEn=2.416 surr=2.465 conv=ok
  [B] O067 ✗ REFUTED     p=0.485 SampEn=2.370 surr=2.375 conv=ok
  [B] O068 ✗ REFUTED     p=0.215 SampEn=2.413 surr=2.465 conv=ok
  [B] O069 ✗ REFUTED     p=0.865 SampEn=2.474 surr=2.415 conv=ok
  [B] O070 ✗ REFUTED     p=0.125 SampEn=2.380 surr=2.445 conv=ok
  [B] O071 ✗ REFUTED     p=0.060 SampEn=2.338 surr=2.479 conv=ok
  [B] O072 ✗ REFUTED     p=0.340 SampEn=2.400 surr=2.421 conv=ok
  [B] O073 ✗ REFUTED     p=0.875 SampEn=2.527 surr=2.462 conv=ok
  [B] O074 ✗ REFUTED     p=0.435 SampEn=2.409 surr=2.421 conv=ok
  [B] O075 ✗ REFUTED     p=0.980 SampEn=2.560 surr=2.433 conv=ok
  [B] O076 ✗ REFUTED     p=0.260 SampEn=2.343 surr=2.394 conv=ok
  [B] O077 ✗ REFUTED     p=0.195 SampEn=2.413 surr=2.464 conv=ok
  [B] O078 ✗ REFUTED     p=0.060 SampEn=2.289 surr=2.374 conv=ok
  [B] O079 ✗ REFUTED     p=0.395 SampEn=2.429 surr=2.446 conv=ok
  [B] O080 ✗ REFUTED     p=0.485 SampEn=2.383 surr=2.388 conv=ok
  [B] O081 ✗ REFUTED     p=0.235 SampEn=2.407 surr=2.440 conv=ok
  [B] O082 ✗ REFUTED     p=0.255 SampEn=2.346 surr=2.384 conv=ok
  [B] O083 ✗ REFUTED     p=0.600 SampEn=2.515 surr=2.501 conv=ok
  [B] O084 ✗ REFUTED     p=0.610 SampEn=2.433 surr=2.418 conv=ok
  [B] O085 ✗ REFUTED     p=0.405 SampEn=2.470 surr=2.477 conv=ok
  [B] O086 ✗ REFUTED     p=0.795 SampEn=2.451 surr=2.404 conv=ok
  [B] O087 ✓ SURVIVED    p=0.025 SampEn=2.333 surr=2.455 conv=ok
  [B] O088 ✗ REFUTED     p=0.510 SampEn=2.409 surr=2.409 conv=ok
  [B] O089 ✗ REFUTED     p=0.130 SampEn=2.412 surr=2.475 conv=ok
  [B] O090 ✗ REFUTED     p=0.065 SampEn=2.330 surr=2.408 conv=ok
  [B] O091 ✗ REFUTED     p=0.915 SampEn=2.469 surr=2.394 conv=ok
  [B] O092 ✓ SURVIVED    p=0.020 SampEn=2.281 surr=2.393 conv=ok
  [B] O093 ✗ REFUTED     p=0.300 SampEn=2.390 surr=2.423 conv=ok
  [B] O094 ✗ REFUTED     p=0.060 SampEn=2.084 surr=2.149 conv=ok
  [B] O095 ✓ SURVIVED    p=0.025 SampEn=2.112 surr=2.206 conv=ok
  [B] O096 ✗ REFUTED     p=0.650 SampEn=2.353 surr=2.330 conv=ok
  [B] O097 ✗ REFUTED     p=0.945 SampEn=2.439 surr=2.351 conv=ok
  [B] O098 ✗ REFUTED     p=0.525 SampEn=2.340 surr=2.344 conv=ok
  [B] O099 ✗ REFUTED     p=0.225 SampEn=2.402 surr=2.447 conv=ok
  [B] O100 ✗ REFUTED     p=0.065 SampEn=2.109 surr=2.190 conv=ok

Set E
  [E] S001 ✓ SURVIVED    p=0.005 SampEn=1.446 surr=1.981 conv=ok
  [E] S002 ✓ SURVIVED    p=0.005 SampEn=2.066 surr=2.377 conv=ok
  [E] S003 ✓ SURVIVED    p=0.005 SampEn=1.754 surr=2.272 conv=ok
  [E] S004 ✓ SURVIVED    p=0.005 SampEn=1.608 surr=2.274 conv=ok
  [E] S005 ✓ SURVIVED    p=0.005 SampEn=1.618 surr=2.058 conv=ok
  [E] S006 ✓ SURVIVED    p=0.005 SampEn=1.999 surr=2.199 conv=ok
  [E] S007 ✓ SURVIVED    p=0.005 SampEn=0.515 surr=2.058 conv=ok
  [E] S008 ✓ SURVIVED    p=0.005 SampEn=1.152 surr=1.950 conv=ok
  [E] S009 ✓ SURVIVED    p=0.015 SampEn=1.927 surr=2.043 conv=ok
  [E] S010 ✓ SURVIVED    p=0.005 SampEn=1.697 surr=2.062 conv=ok
  [E] S011 ✓ SURVIVED    p=0.005 SampEn=1.750 surr=2.077 conv=ok
  [E] S012 ✓ SURVIVED    p=0.005 SampEn=1.033 surr=1.709 conv=ok
  [E] S013 ✓ SURVIVED    p=0.005 SampEn=1.385 surr=1.971 conv=ok
  [E] S014 ✓ SURVIVED    p=0.005 SampEn=1.725 surr=2.064 conv=ok
  [E] S015 ✓ SURVIVED    p=0.005 SampEn=0.931 surr=2.016 conv=ok
  [E] S016 ✓ SURVIVED    p=0.005 SampEn=1.067 surr=1.473 conv=ok
  [E] S017 ✓ SURVIVED    p=0.005 SampEn=1.955 surr=2.347 conv=ok
  [E] S018 ✓ SURVIVED    p=0.005 SampEn=1.048 surr=2.105 conv=ok
  [E] S019 ✓ SURVIVED    p=0.005 SampEn=1.489 surr=1.966 conv=ok
  [E] S020 ✓ SURVIVED    p=0.005 SampEn=1.482 surr=2.210 conv=ok
  [E] S021 ✓ SURVIVED    p=0.005 SampEn=1.158 surr=1.867 conv=ok
  [E] S022 ✓ SURVIVED    p=0.005 SampEn=1.150 surr=2.101 conv=ok
  [E] S023 ✓ SURVIVED    p=0.005 SampEn=1.229 surr=2.083 conv=ok
  [E] S024 ✗ REFUTED     p=0.060 SampEn=2.257 surr=2.338 conv=ok
  [E] S025 ✓ SURVIVED    p=0.005 SampEn=0.960 surr=1.978 conv=ok
  [E] S026 ✓ SURVIVED    p=0.005 SampEn=1.416 surr=2.072 conv=ok
  [E] S027 ✓ SURVIVED    p=0.010 SampEn=2.207 surr=2.332 conv=ok
  [E] S028 ✓ SURVIVED    p=0.005 SampEn=1.839 surr=1.998 conv=ok
  [E] S029 ✓ SURVIVED    p=0.005 SampEn=0.950 surr=2.138 conv=ok
  [E] S030 ✓ SURVIVED    p=0.005 SampEn=1.787 surr=2.273 conv=ok
  [E] S031 ✓ SURVIVED    p=0.005 SampEn=1.241 surr=1.774 conv=ok
  [E] S032 ✓ SURVIVED    p=0.005 SampEn=0.941 surr=1.975 conv=ok
  [E] S033 ✓ SURVIVED    p=0.005 SampEn=1.424 surr=1.630 conv=ok
  [E] S034 ✓ SURVIVED    p=0.005 SampEn=2.021 surr=2.265 conv=ok
  [E] S035 ✓ SURVIVED    p=0.005 SampEn=2.285 surr=2.455 conv=ok
  [E] S036 ✓ SURVIVED    p=0.005 SampEn=1.527 surr=2.063 conv=ok
  [E] S037 ✓ SURVIVED    p=0.005 SampEn=1.384 surr=2.001 conv=ok
  [E] S038 ✓ SURVIVED    p=0.005 SampEn=1.205 surr=2.069 conv=ok
  [E] S039 ✓ SURVIVED    p=0.005 SampEn=1.922 surr=2.115 conv=ok
  [E] S040 ✓ SURVIVED    p=0.005 SampEn=0.898 surr=1.929 conv=ok
  [E] S041 ✓ SURVIVED    p=0.005 SampEn=0.985 surr=2.156 conv=ok
  [E] S042 ✓ SURVIVED    p=0.005 SampEn=1.739 surr=2.066 conv=ok
  [E] S043 ✗ REFUTED     p=0.285 SampEn=2.073 surr=2.095 conv=ok
  [E] S044 ✓ SURVIVED    p=0.005 SampEn=1.974 surr=2.115 conv=ok
  [E] S045 ✓ SURVIVED    p=0.005 SampEn=0.824 surr=1.600 conv=ok
  [E] S046 ✓ SURVIVED    p=0.005 SampEn=1.728 surr=1.957 conv=ok
  [E] S047 ✓ SURVIVED    p=0.005 SampEn=1.529 surr=2.027 conv=ok
  [E] S048 ✗ REFUTED     p=0.235 SampEn=1.866 surr=1.894 conv=ok
  [E] S049 ✓ SURVIVED    p=0.005 SampEn=1.784 surr=2.261 conv=ok
  [E] S050 ✓ SURVIVED    p=0.005 SampEn=1.630 surr=2.021 conv=ok
  [E] S051 ✓ SURVIVED    p=0.005 SampEn=1.336 surr=1.959 conv=ok
  [E] S052 ✓ SURVIVED    p=0.005 SampEn=2.093 surr=2.404 conv=ok
  [E] S053 ✓ SURVIVED    p=0.005 SampEn=1.257 surr=2.178 conv=ok
  [E] S054 ✓ SURVIVED    p=0.005 SampEn=1.661 surr=2.073 conv=ok
  [E] S055 ✓ SURVIVED    p=0.005 SampEn=1.874 surr=2.114 conv=ok
  [E] S056 ✓ SURVIVED    p=0.005 SampEn=0.894 surr=1.744 conv=ok
  [E] S057 ✓ SURVIVED    p=0.005 SampEn=1.593 surr=1.925 conv=ok
  [E] S058 ✓ SURVIVED    p=0.005 SampEn=1.742 surr=1.921 conv=ok
  [E] S059 ✓ SURVIVED    p=0.005 SampEn=1.627 surr=2.119 conv=ok
  [E] S060 ✓ SURVIVED    p=0.005 SampEn=1.001 surr=1.662 conv=ok
  [E] S061 ✓ SURVIVED    p=0.005 SampEn=1.540 surr=2.330 conv=ok
  [E] S062 ✓ SURVIVED    p=0.005 SampEn=1.798 surr=2.179 conv=ok
  [E] S063 ✓ SURVIVED    p=0.005 SampEn=1.901 surr=2.169 conv=ok
  [E] S064 ✓ SURVIVED    p=0.005 SampEn=1.830 surr=2.147 conv=ok
  [E] S065 ✓ SURVIVED    p=0.005 SampEn=0.980 surr=1.524 conv=ok
  [E] S066 ✓ SURVIVED    p=0.005 SampEn=1.834 surr=2.173 conv=ok
  [E] S067 ✓ SURVIVED    p=0.005 SampEn=1.817 surr=2.109 conv=ok
  [E] S068 ✓ SURVIVED    p=0.005 SampEn=1.699 surr=2.184 conv=ok
  [E] S069 ✓ SURVIVED    p=0.005 SampEn=1.150 surr=2.230 conv=ok
  [E] S070 ✓ SURVIVED    p=0.010 SampEn=1.874 surr=1.991 conv=ok
  [E] S071 ✓ SURVIVED    p=0.005 SampEn=1.293 surr=2.088 conv=ok
  [E] S072 ✓ SURVIVED    p=0.005 SampEn=1.615 surr=2.128 conv=ok
  [E] S073 ✓ SURVIVED    p=0.005 SampEn=1.752 surr=1.968 conv=ok
  [E] S074 ✓ SURVIVED    p=0.005 SampEn=1.284 surr=2.103 conv=ok
  [E] S075 ✓ SURVIVED    p=0.005 SampEn=1.513 surr=2.086 conv=ok
  [E] S076 ✓ SURVIVED    p=0.005 SampEn=1.597 surr=2.144 conv=ok
  [E] S077 ✓ SURVIVED    p=0.005 SampEn=1.797 surr=2.159 conv=ok
  [E] S078 ✓ SURVIVED    p=0.005 SampEn=1.243 surr=2.195 conv=ok
  [E] S079 ✓ SURVIVED    p=0.005 SampEn=1.335 surr=2.043 conv=ok
  [E] S080 ✓ SURVIVED    p=0.005 SampEn=0.870 surr=2.004 conv=ok
  [E] S081 ✓ SURVIVED    p=0.005 SampEn=1.525 surr=1.980 conv=ok
  [E] S082 ✓ SURVIVED    p=0.005 SampEn=1.550 surr=2.182 conv=ok
  [E] S083 ✓ SURVIVED    p=0.005 SampEn=2.145 surr=2.295 conv=ok
  [E] S084 ✓ SURVIVED    p=0.005 SampEn=0.702 surr=1.419 conv=ok
  [E] S085 ✓ SURVIVED    p=0.005 SampEn=1.697 surr=2.017 conv=ok
  [E] S086 ✓ SURVIVED    p=0.025 SampEn=2.247 surr=2.368 conv=ok
  [E] S087 ✓ SURVIVED    p=0.005 SampEn=1.402 surr=1.603 conv=ok
  [E] S088 ✓ SURVIVED    p=0.005 SampEn=1.647 surr=2.058 conv=ok
  [E] S089 ✓ SURVIVED    p=0.005 SampEn=0.940 surr=2.018 conv=ok
  [E] S090 ✗ REFUTED     p=0.225 SampEn=2.383 surr=2.429 conv=ok
  [E] S091 ✓ SURVIVED    p=0.005 SampEn=1.727 surr=2.274 conv=ok
  [E] S092 ✓ SURVIVED    p=0.005 SampEn=1.936 surr=2.265 conv=ok
  [E] S093 ✓ SURVIVED    p=0.005 SampEn=1.037 surr=1.682 conv=ok
  [E] S094 ✓ SURVIVED    p=0.005 SampEn=1.703 surr=2.026 conv=ok
  [E] S095 ✓ SURVIVED    p=0.005 SampEn=1.745 surr=2.244 conv=ok
  [E] S096 ✓ SURVIVED    p=0.005 SampEn=1.984 surr=2.175 conv=ok
  [E] S097 ✓ SURVIVED    p=0.005 SampEn=0.745 surr=1.998 conv=ok
  [E] S098 ✓ SURVIVED    p=0.005 SampEn=1.643 surr=2.055 conv=ok
  [E] S099 ✓ SURVIVED    p=0.005 SampEn=1.284 surr=1.962 conv=ok
  [E] S100 ✓ SURVIVED    p=0.005 SampEn=2.009 surr=2.223 conv=ok

================================================================
  G1 Set E SURVIVED: 96/100 (96%)
  Set A not-SURVIVED: 86/100 (86%)
  Set B not-SURVIVED: 91/100 (91%)
  G1_PASS: True
================================================================
Evidence bundle -> ../../artifacts/bonn_bright_line/bonn_CONFIRMATORY_VERDICT.json
