G2 AR negative control | input=bonn_data/A n=100 ar_order=10 n_surrogates=199 alpha=0.05 statistic=sampen_lower_tail_m2_r015_v1
  Z001: REFUTED p=0.650
  Z002: REFUTED p=0.720
  Z003: REFUTED p=0.310
  Z004: REFUTED p=0.515
  Z005: REFUTED p=0.365
  Z006: REFUTED p=0.120
  Z007: REFUTED p=0.390
  Z008: REFUTED p=0.740
  Z009: SURVIVED ← FP p=0.035
  Z010: REFUTED p=0.615
  Z011: REFUTED p=0.665
  Z012: REFUTED p=0.205
  Z013: REFUTED p=0.195
  Z014: REFUTED p=0.285
  Z015: REFUTED p=0.070
  Z016: REFUTED p=0.990
  Z017: REFUTED p=0.405
  Z018: REFUTED p=0.360
  Z019: REFUTED p=0.850
  Z020: REFUTED p=0.445
  Z021: REFUTED p=0.780
  Z022: SURVIVED ← FP p=0.035
  Z023: REFUTED p=0.855
  Z024: REFUTED p=0.880
  Z025: REFUTED p=0.445
  Z026: REFUTED p=0.735
  Z027: REFUTED p=0.065
  Z028: REFUTED p=0.640
  Z029: REFUTED p=0.945
  Z030: SURVIVED ← FP p=0.010
  Z031: REFUTED p=0.415
  Z032: REFUTED p=0.940
  Z033: REFUTED p=0.530
  Z034: REFUTED p=0.150
  Z035: REFUTED p=0.850
  Z036: REFUTED p=0.890
  Z037: REFUTED p=0.465
  Z038: REFUTED p=0.275
  Z039: SURVIVED ← FP p=0.030
  Z040: REFUTED p=0.620
  Z041: REFUTED p=0.455
  Z042: REFUTED p=0.425
  Z043: REFUTED p=0.770
  Z044: REFUTED p=0.860
  Z045: REFUTED p=0.055
  Z046: SURVIVED ← FP p=0.045
  Z047: SURVIVED ← FP p=0.015
  Z048: REFUTED p=0.460
  Z049: REFUTED p=0.480
  Z050: REFUTED p=0.920
  Z051: REFUTED p=0.080
  Z052: REFUTED p=0.235
  Z053: REFUTED p=0.865
  Z054: SURVIVED ← FP p=0.050
  Z055: REFUTED p=0.335
  Z056: REFUTED p=0.945
  Z057: REFUTED p=0.500
  Z058: REFUTED p=0.385
  Z059: REFUTED p=0.880
  Z060: REFUTED p=0.325
  Z061: REFUTED p=0.410
  Z062: REFUTED p=0.075
  Z063: REFUTED p=0.390
  Z064: SURVIVED ← FP p=0.035
  Z065: REFUTED p=0.915
  Z066: REFUTED p=0.160
  Z067: REFUTED p=0.330
  Z068: REFUTED p=0.805
  Z069: REFUTED p=0.615
  Z070: REFUTED p=0.210
  Z071: REFUTED p=0.330
  Z072: REFUTED p=0.135
  Z073: REFUTED p=0.795
  Z074: REFUTED p=0.215
  Z075: REFUTED p=0.750
  Z076: REFUTED p=0.665
  Z077: REFUTED p=0.860
  Z078: REFUTED p=0.730
  Z079: REFUTED p=0.645
  Z080: REFUTED p=0.555
  Z081: REFUTED p=0.075
  Z082: REFUTED p=0.145
  Z083: REFUTED p=0.165
  Z084: REFUTED p=0.310
  Z085: REFUTED p=0.525
  Z086: REFUTED p=0.205
  Z087: REFUTED p=0.995
  Z088: REFUTED p=0.655
  Z089: REFUTED p=0.715
  Z090: REFUTED p=0.320
  Z091: REFUTED p=0.450
  Z092: REFUTED p=0.760
  Z093: REFUTED p=0.200
  Z094: REFUTED p=0.700
  Z095: REFUTED p=0.165
  Z096: REFUTED p=0.555
  Z097: REFUTED p=0.710
  Z098: REFUTED p=0.075
  Z099: REFUTED p=0.205
  Z100: REFUTED p=0.585

  FPR=0.080 (n_fp=8/100) | fpr_ok=False
Evidence bundle -> ../../artifacts/controls/ar_negative_CONFIRMATORY_A.json
