G2 AR negative control | input=bonn_data/B n=100 ar_order=10 n_surrogates=199 alpha=0.05 statistic=sampen_lower_tail_m2_r015_v1
  O001: REFUTED p=0.615
  O002: REFUTED p=0.590
  O003: REFUTED p=0.925
  O004: REFUTED p=0.510
  O005: REFUTED p=0.705
  O006: REFUTED p=0.385
  O007: REFUTED p=0.785
  O008: REFUTED p=0.900
  O009: REFUTED p=0.895
  O010: REFUTED p=0.450
  O011: REFUTED p=0.310
  O012: REFUTED p=0.850
  O013: REFUTED p=0.820
  O014: REFUTED p=0.885
  O015: REFUTED p=0.885
  O016: REFUTED p=0.645
  O017: REFUTED p=0.235
  O018: REFUTED p=0.750
  O019: REFUTED p=0.990
  O020: REFUTED p=0.255
  O021: REFUTED p=0.830
  O022: SURVIVED ← FP p=0.010
  O023: REFUTED p=0.395
  O024: REFUTED p=0.350
  O025: REFUTED p=0.650
  O026: REFUTED p=0.405
  O027: REFUTED p=0.820
  O028: REFUTED p=0.060
  O029: REFUTED p=0.400
  O030: REFUTED p=0.290
  O031: REFUTED p=0.855
  O032: REFUTED p=0.330
  O033: REFUTED p=0.905
  O034: REFUTED p=0.865
  O035: REFUTED p=0.055
  O036: REFUTED p=0.330
  O037: REFUTED p=0.840
  O038: REFUTED p=0.970
  O039: SURVIVED ← FP p=0.010
  O040: REFUTED p=0.090
  O041: REFUTED p=0.855
  O042: REFUTED p=0.365
  O043: REFUTED p=0.340
  O044: REFUTED p=0.145
  O045: REFUTED p=0.610
  O046: REFUTED p=0.775
  O047: REFUTED p=0.165
  O048: REFUTED p=0.700
  O049: REFUTED p=0.145
  O050: REFUTED p=0.160
  O051: REFUTED p=0.170
  O052: REFUTED p=0.460
  O053: REFUTED p=0.600
  O054: REFUTED p=0.760
  O055: SURVIVED ← FP p=0.050
  O056: REFUTED p=0.100
  O057: REFUTED p=0.070
  O058: REFUTED p=0.405
  O059: REFUTED p=0.190
  O060: REFUTED p=0.080
  O061: REFUTED p=0.260
  O062: REFUTED p=0.220
  O063: REFUTED p=0.090
  O064: REFUTED p=0.680
  O065: REFUTED p=0.220
  O066: REFUTED p=0.300
  O067: REFUTED p=0.550
  O068: REFUTED p=0.685
  O069: REFUTED p=0.725
  O070: REFUTED p=0.995
  O071: SURVIVED ← FP p=0.045
  O072: REFUTED p=0.165
  O073: REFUTED p=0.555
  O074: REFUTED p=0.480
  O075: REFUTED p=0.550
  O076: REFUTED p=0.660
  O077: REFUTED p=0.780
  O078: REFUTED p=0.260
  O079: REFUTED p=0.570
  O080: REFUTED p=0.855
  O081: REFUTED p=0.605
  O082: REFUTED p=0.720
  O083: SURVIVED ← FP p=0.005
  O084: REFUTED p=0.480
  O085: REFUTED p=0.735
  O086: REFUTED p=0.335
  O087: REFUTED p=0.120
  O088: REFUTED p=0.685
  O089: REFUTED p=0.920
  O090: REFUTED p=0.980
  O091: REFUTED p=0.580
  O092: REFUTED p=0.255
  O093: REFUTED p=0.420
  O094: REFUTED p=0.495
  O095: REFUTED p=0.355
  O096: REFUTED p=0.675
  O097: REFUTED p=0.595
  O098: REFUTED p=0.620
  O099: REFUTED p=0.540
  O100: REFUTED p=0.075

  FPR=0.050 (n_fp=5/100) | fpr_ok=True
Evidence bundle -> ../../artifacts/controls/ar_negative_CONFIRMATORY_B.json
