============================================================
BSFF — Spectrum-Matched AR Negative Control (G2, instrument verdict)
  input=bonn_data/B n_segments=100 ar_order=10 n_surrogates=999 policy=strict alpha=0.05
============================================================
  O001: REFUTED  (raw_rej=False)
  O002: UNSUPPORTED  (raw_rej=True)
  O003: REFUTED  (raw_rej=False)
  O004: REFUTED  (raw_rej=False)
  O005: REFUTED  (raw_rej=False)
  O006: REFUTED  (raw_rej=False)
  O007: REFUTED  (raw_rej=False)
  O008: REFUTED  (raw_rej=False)
  O009: REFUTED  (raw_rej=False)
  O010: REFUTED  (raw_rej=False)
  O011: REFUTED  (raw_rej=False)
  O012: REFUTED  (raw_rej=False)
  O013: REFUTED  (raw_rej=False)
  O014: REFUTED  (raw_rej=False)
  O015: REFUTED  (raw_rej=False)
  O016: UNSUPPORTED  (raw_rej=True)
  O017: REFUTED  (raw_rej=False)
  O018: REFUTED  (raw_rej=False)
  O019: REFUTED  (raw_rej=False)
  O020: REFUTED  (raw_rej=False)
  O021: REFUTED  (raw_rej=False)
  O022: REFUTED  (raw_rej=False)
  O023: REFUTED  (raw_rej=False)
  O024: REFUTED  (raw_rej=False)
  O025: REFUTED  (raw_rej=False)
  O026: UNSUPPORTED  (raw_rej=True)
  O027: REFUTED  (raw_rej=False)
  O028: REFUTED  (raw_rej=False)
  O029: REFUTED  (raw_rej=False)
  O030: REFUTED  (raw_rej=False)
  O031: REFUTED  (raw_rej=False)
  O032: REFUTED  (raw_rej=False)
  O033: REFUTED  (raw_rej=False)
  O034: REFUTED  (raw_rej=False)
  O035: REFUTED  (raw_rej=False)
  O036: REFUTED  (raw_rej=False)
  O037: REFUTED  (raw_rej=False)
  O038: UNSUPPORTED  (raw_rej=True)
  O039: REFUTED  (raw_rej=False)
  O040: REFUTED  (raw_rej=False)
  O041: REFUTED  (raw_rej=False)
  O042: REFUTED  (raw_rej=False)
  O043: REFUTED  (raw_rej=False)
  O044: REFUTED  (raw_rej=False)
  O045: REFUTED  (raw_rej=False)
  O046: UNSUPPORTED  (raw_rej=True)
  O047: REFUTED  (raw_rej=False)
  O048: REFUTED  (raw_rej=False)
  O049: REFUTED  (raw_rej=False)
  O050: UNSUPPORTED  (raw_rej=True)
  O051: REFUTED  (raw_rej=False)
  O052: REFUTED  (raw_rej=False)
  O053: REFUTED  (raw_rej=False)
  O054: REFUTED  (raw_rej=False)
  O055: REFUTED  (raw_rej=False)
  O056: REFUTED  (raw_rej=False)
  O057: REFUTED  (raw_rej=False)
  O058: REFUTED  (raw_rej=False)
  O059: REFUTED  (raw_rej=False)
  O060: REFUTED  (raw_rej=False)
  O061: REFUTED  (raw_rej=False)
  O062: REFUTED  (raw_rej=False)
  O063: REFUTED  (raw_rej=False)
  O064: REFUTED  (raw_rej=False)
  O065: REFUTED  (raw_rej=False)
  O066: REFUTED  (raw_rej=False)
  O067: REFUTED  (raw_rej=False)
  O068: REFUTED  (raw_rej=False)
  O069: REFUTED  (raw_rej=False)
  O070: REFUTED  (raw_rej=False)
  O071: REFUTED  (raw_rej=False)
  O072: UNSUPPORTED  (raw_rej=True)
  O073: UNSUPPORTED  (raw_rej=True)
  O074: REFUTED  (raw_rej=False)
  O075: REFUTED  (raw_rej=False)
  O076: REFUTED  (raw_rej=False)
  O077: REFUTED  (raw_rej=False)
  O078: REFUTED  (raw_rej=True)
  O079: UNSUPPORTED  (raw_rej=True)
  O080: REFUTED  (raw_rej=False)
  O081: REFUTED  (raw_rej=False)
  O082: REFUTED  (raw_rej=False)
  O083: REFUTED  (raw_rej=False)
  O084: REFUTED  (raw_rej=False)
  O085: REFUTED  (raw_rej=False)
  O086: REFUTED  (raw_rej=False)
  O087: REFUTED  (raw_rej=False)
  O088: REFUTED  (raw_rej=False)
  O089: REFUTED  (raw_rej=False)
  O090: REFUTED  (raw_rej=False)
  O091: UNSUPPORTED  (raw_rej=True)
  O092: SURVIVED ← FALSE POSITIVE  (raw_rej=True)
  O093: REFUTED  (raw_rej=False)
  O094: REFUTED  (raw_rej=False)
  O095: REFUTED  (raw_rej=False)
  O096: REFUTED  (raw_rej=False)
  O097: REFUTED  (raw_rej=False)
  O098: REFUTED  (raw_rej=False)
  O099: REFUTED  (raw_rej=False)
  O100: REFUTED  (raw_rej=False)

  instrument FPR: 1/100 = 0.010  (raw-rank FPR = 0.120) | threshold 0.05
  FPR <= alpha: True

  NEGATIVE CONTROL PASS: real-spectrum AR null -> instrument FPR=0.010 <= 0.05. (raw rank-order FPR=0.120 is anti-conservative; the corroboration gate restores specificity.)
Evidence bundle -> ../../artifacts/controls/ar_negative_control_B_VERDICT.json
