  [ar] seed 20260623 done (1/100)
  [ar] seed 7 done (3/200)
  [ar] seed 999 done (5/300)
  [ar] seed 314159 done (7/400)
  [ar] seed 2718 done (10/500)
  [ar] seed 42 done (12/600)
  [ar] seed 161803 done (17/700)
  [ar] seed 27182 done (19/800)
  [ar] seed 31337 done (22/900)
  [ar] seed 123456 done (26/1000)
  [ar] FPR=0.0260 CI=[0.0178,0.0378] pass=True
  [iaaft] seed 20260623 done (4/100)
  [iaaft] seed 7 done (6/200)
  [iaaft] seed 999 done (6/300)
  [iaaft] seed 314159 done (8/400)
  [iaaft] seed 2718 done (11/500)
  [iaaft] seed 42 done (16/600)
  [iaaft] seed 161803 done (20/700)
  [iaaft] seed 27182 done (23/800)
  [iaaft] seed 31337 done (28/900)
  [iaaft] seed 123456 done (32/1000)
  [iaaft] FPR=0.0320 CI=[0.0228,0.0448] pass=True
  [phaserand] seed 20260623 done (3/100)
  [phaserand] seed 7 done (8/200)
  [phaserand] seed 999 done (9/300)
  [phaserand] seed 314159 done (13/400)
  [phaserand] seed 2718 done (16/500)
  [phaserand] seed 42 done (19/600)
  [phaserand] seed 161803 done (22/700)
  [phaserand] seed 27182 done (24/800)
  [phaserand] seed 31337 done (29/900)
  [phaserand] seed 123456 done (34/1000)
  [phaserand] FPR=0.0340 CI=[0.0244,0.0471] pass=True

MULTI_NULL_ROBUST | ar:0.026(<=0.05?True) iaaft:0.032(<=0.05?True) phaserand:0.034(<=0.05?True)
